d:\cupboards\release\vc142.pdb
d:\cupboards\release\gl3w.obj
d:\cupboards\release\minifield.obj
d:\cupboards\release\main.obj
d:\cupboards\release\game.obj
d:\cupboards\release\field.obj
d:\cupboards\release\configfile.obj
d:\cupboards\release\checker.obj
d:\cupboards\release\celltree.obj
d:\cupboards\release\window.obj
d:\cupboards\release\shader.obj
d:\cupboards\bin\cupboards.exe
d:\cupboards\bin\cupboards.pdb
d:\cupboards\release\cupboards.res
d:\cupboards\release\cupboards.tlog\cl.command.1.tlog
d:\cupboards\release\cupboards.tlog\cl.read.1.tlog
d:\cupboards\release\cupboards.tlog\cl.write.1.tlog
d:\cupboards\release\cupboards.tlog\link.command.1.tlog
d:\cupboards\release\cupboards.tlog\link.read.1.tlog
d:\cupboards\release\cupboards.tlog\link.write.1.tlog
d:\cupboards\release\cupboards.tlog\rc.command.1.tlog
d:\cupboards\release\cupboards.tlog\rc.read.1.tlog
d:\cupboards\release\cupboards.tlog\rc.write.1.tlog
